IQ-TREE multicore version 2.4.0 for Windows 64-bit built Feb  7 2025
Developed by Bui Quang Minh, Nguyen Lam Tung, Olga Chernomor, Heiko Schmidt,
Dominik Schrempf, Michael Woodhams, Ly Trong Nhan, Thomas Wong

Host:    Arya (AVX2, FMA3, 15 GB RAM)
Command: C:\Users\khadk\OneDrive\Desktop\iqtree-2.4.0-Windows\bin\iqtree2.exe --alisim 925 -t 925.nwk -m GTR+G --length 1000
Seed:    676653 (Using SPRNG - Scalable Parallel Random Number Generator)
Time:    Sat Jan 17 23:18:02 2026
Kernel:  AVX+FMA - 1 threads (8 CPU cores detected)

[Alignment Simulator] Executing
WARNING: Without Inference Mode, we strongly recommend users to specify model parameters for more accuracy simulations. Users could use <Model_Name>{<param_0>/.../<param_n>} to specify the model parameters. For the model GTR, users should provide 5 params (see User Manuals).
WARNING: GTR must have unequal base frequencies. The base frequencies could be randomly generated if users do not provide them. However, we strongly recommend users specify the base frequencies by using +F{freq1/.../freqN} for better simulation accuracy.
 - Tree filepath: 925.nwk
 - Length of output sequences: 1000
 - Model: GTR+G
 - Number of output datasets: 1
 - Number of threads: 1
SUBSTITUTION PROCESS
--------------------

Model of substitution: GTR+F+G4

Rate parameter R:

  A-C: 1.000
  A-G: 1.000
  A-T: 1.000
  C-G: 1.000
  C-T: 1.000
  G-T: 1.000

State frequencies: (empirical counts from alignment)

  pi(A) = 0.356
  pi(C) = 0.15
  pi(G) = 0.204
  pi(T) = 0.29

Rate matrix Q:

  A    -0.888     0.207     0.281       0.4
  C     0.491     -1.17     0.281       0.4
  G     0.491     0.207      -1.1       0.4
  T     0.491     0.207     0.281    -0.979

Model of rate heterogeneity: Gamma with 4 categories
Gamma shape alpha: 1

 Category  Relative_rate  Proportion
  1         0.137          0.25
  2         0.477          0.25
  3         1              0.25
  4         2.39           0.25
Relative rates are computed as MEAN of the portion of the Gamma distribution falling in the category.

An alignment written to 925.phy
Screen log file: 925.nwk.log
[Alignment Simulator] Done
Simulation CPU time: 0.078 sec (0h:0m:0s)
Simulation wall-clock time: 0.136 sec (0h:0m:0s)

Date and Time: Sat Jan 17 23:18:02 2026
